<?xml version='1.0'?>
<ns2:test-suite xmlns:ns2='urn:model.allure.qatools.yandex.ru' start='1582795175615' stop='1582795180498'>
    <name>API Testing</name>
    <title>API Testing</title>
    <test-cases>
        <test-case start='1582795175616' status='failed' stop='1582795178215'>
            <name>API:GET CALL @smoke</name>
            <title>API:GET CALL @smoke</title>
            <labels/>
            <parameters/>
            <steps/>
            <attachments>
                <attachment title='Screenshot' source='491db947-c146-4b78-beb3-812b047f1605-attachment.png' type='image/png' size='3249'/>
            </attachments>
            <failure>
                <message>Expected 200 to equal 201.</message>
                <stack-trace>Error: Failed expectation
                    at UserContext.&lt;anonymous> (D:\Mars_VoyagerAPI\TestSuites\sampleTestCase.spec.js:59:37)
                    at processTicksAndRejections (internal/process/task_queues.js:97:5)</stack-trace>
            </failure>
        </test-case>
        <test-case start='1582795178215' status='failed' stop='1582795180497'>
            <name>API:POST CALL @smoke</name>
            <title>API:POST CALL @smoke</title>
            <labels/>
            <parameters/>
            <steps/>
            <attachments>
                <attachment title='Screenshot' source='9a40303f-20da-4428-bc92-5a5e4f88bfc5-attachment.png' type='image/png' size='3249'/>
            </attachments>
            <failure>
                <message>Expected 'VCA-OU-147' to equal 'VCA-OU-71'.</message>
                <stack-trace>Error: Failed expectation
                    at UserContext.&lt;anonymous> (D:\Mars_VoyagerAPI\TestSuites\sampleTestCase.spec.js:102:37)
                    at processTicksAndRejections (internal/process/task_queues.js:97:5)</stack-trace>
            </failure>
        </test-case>
        <test-case start='1582795180497' status='pending' stop='1582795180498'>
            <name>API:PUT CALL @regression</name>
            <title>API:PUT CALL @regression</title>
            <labels/>
            <parameters/>
            <steps/>
            <attachments/>
            <failure>
                <message>This test was ignored</message>
                <stack-trace></stack-trace>
            </failure>
        </test-case>
    </test-cases>
</ns2:test-suite>