<?xml version='1.0'?>
<ns2:test-suite xmlns:ns2='urn:model.allure.qatools.yandex.ru' start='1582802362581' stop='1582802366519'>
    <name>API Testing</name>
    <title>API Testing</title>
    <test-cases>
        <test-case start='1582802362582' status='failed' stop='1582802363502'>
            <name>API:GET CALL @smoke</name>
            <title>API:GET CALL @smoke</title>
            <labels/>
            <parameters/>
            <steps/>
            <attachments>
                <attachment title='Screenshot' source='8994416c-82d2-4605-be55-71b8dde8ec5d-attachment.png' type='image/png' size='3249'/>
            </attachments>
            <failure>
                <message>Expected 200 to equal 201.</message>
                <stack-trace>Error: Failed expectation
                    at UserContext.&lt;anonymous> (D:\Mars_VoyagerAPI\TestSuites\sampleTestCase.spec.js:61:37)
                    at processTicksAndRejections (internal/process/task_queues.js:97:5)</stack-trace>
            </failure>
        </test-case>
        <test-case start='1582802363503' status='failed' stop='1582802365409'>
            <name>API:POST CALL @smoke</name>
            <title>API:POST CALL @smoke</title>
            <labels/>
            <parameters/>
            <steps/>
            <attachments>
                <attachment title='Screenshot' source='f6269f4e-201d-4c83-81fc-4f238605b9d2-attachment.png' type='image/png' size='3249'/>
            </attachments>
            <failure>
                <message>Expected 'VCA-OU-154' to equal 'VCA-OU-71'.</message>
                <stack-trace>Error: Failed expectation
                    at UserContext.&lt;anonymous> (D:\Mars_VoyagerAPI\TestSuites\sampleTestCase.spec.js:101:37)
                    at processTicksAndRejections (internal/process/task_queues.js:97:5)</stack-trace>
            </failure>
        </test-case>
        <test-case start='1582802365409' status='passed' stop='1582802366518'>
            <name>API:PUT CALL @regression</name>
            <title>API:PUT CALL @regression</title>
            <labels/>
            <parameters/>
            <steps/>
            <attachments>
                <attachment title='Screenshot' source='1437d50c-a3da-4a94-967e-c7eb70a3dc0b-attachment.png' type='image/png' size='3249'/>
            </attachments>
        </test-case>
    </test-cases>
</ns2:test-suite>