<?xml version='1.0'?>
<ns2:test-suite xmlns:ns2='urn:model.allure.qatools.yandex.ru' start='1582798499845' stop='1582798504181'>
    <name>API Testing</name>
    <title>API Testing</title>
    <test-cases>
        <test-case start='1582798499846' status='failed' stop='1582798501380'>
            <name>API:GET CALL @smoke</name>
            <title>API:GET CALL @smoke</title>
            <labels/>
            <parameters/>
            <steps/>
            <attachments>
                <attachment title='Screenshot' source='ad95cc2e-ce00-4acf-91d9-6984484b591e-attachment.png' type='image/png' size='3249'/>
            </attachments>
            <failure>
                <message>Expected 200 to equal 201.</message>
                <stack-trace>Error: Failed expectation
                    at UserContext.&lt;anonymous> (D:\Mars_VoyagerAPI\TestSuites\sampleTestCase.spec.js:61:37)
                    at processTicksAndRejections (internal/process/task_queues.js:97:5)</stack-trace>
            </failure>
        </test-case>
        <test-case start='1582798501380' status='failed' stop='1582798504180'>
            <name>API:POST CALL @smoke</name>
            <title>API:POST CALL @smoke</title>
            <labels/>
            <parameters/>
            <steps/>
            <attachments>
                <attachment title='Screenshot' source='7156f182-848a-436a-84b3-22f151985775-attachment.png' type='image/png' size='3249'/>
            </attachments>
            <failure>
                <message>Expected 'VCA-OU-149' to equal 'VCA-OU-71'.</message>
                <stack-trace>Error: Failed expectation
                    at UserContext.&lt;anonymous> (D:\Mars_VoyagerAPI\TestSuites\sampleTestCase.spec.js:101:37)
                    at processTicksAndRejections (internal/process/task_queues.js:97:5)</stack-trace>
            </failure>
        </test-case>
        <test-case start='1582798504180' status='pending' stop='1582798504180'>
            <name>API:PUT CALL @regression</name>
            <title>API:PUT CALL @regression</title>
            <labels/>
            <parameters/>
            <steps/>
            <attachments/>
            <failure>
                <message>This test was ignored</message>
                <stack-trace></stack-trace>
            </failure>
        </test-case>
    </test-cases>
</ns2:test-suite>